CRITICAL - 2020-04-24 12:04:23 --> Class 'App\Controllers\App\Models\SensorData' not found
#0 /home/users/m/mik/domains/api.miksoft.pro/system/CodeIgniter.php(910): App\Controllers\Get->test()
#1 /home/users/m/mik/domains/api.miksoft.pro/system/CodeIgniter.php(398): CodeIgniter\CodeIgniter->runController(Object(App\Controllers\Get))
#2 /home/users/m/mik/domains/api.miksoft.pro/system/CodeIgniter.php(306): CodeIgniter\CodeIgniter->handleRequest(NULL, Object(Config\Cache), false)
#3 /home/users/m/mik/domains/api.miksoft.pro/index.php(45): CodeIgniter\CodeIgniter->run()
#4 {main}
CRITICAL - 2020-04-24 12:04:36 --> Class 'App\Controllers\App\Models\SensorData' not found
#0 /home/users/m/mik/domains/api.miksoft.pro/system/CodeIgniter.php(910): App\Controllers\Get->test()
#1 /home/users/m/mik/domains/api.miksoft.pro/system/CodeIgniter.php(398): CodeIgniter\CodeIgniter->runController(Object(App\Controllers\Get))
#2 /home/users/m/mik/domains/api.miksoft.pro/system/CodeIgniter.php(306): CodeIgniter\CodeIgniter->handleRequest(NULL, Object(Config\Cache), false)
#3 /home/users/m/mik/domains/api.miksoft.pro/index.php(45): CodeIgniter\CodeIgniter->run()
#4 {main}
CRITICAL - 2020-04-24 12:04:48 --> Class 'App\Controllers\App\Models\SensorData' not found
#0 /home/users/m/mik/domains/api.miksoft.pro/system/CodeIgniter.php(910): App\Controllers\Get->test()
#1 /home/users/m/mik/domains/api.miksoft.pro/system/CodeIgniter.php(398): CodeIgniter\CodeIgniter->runController(Object(App\Controllers\Get))
#2 /home/users/m/mik/domains/api.miksoft.pro/system/CodeIgniter.php(306): CodeIgniter\CodeIgniter->handleRequest(NULL, Object(Config\Cache), false)
#3 /home/users/m/mik/domains/api.miksoft.pro/index.php(45): CodeIgniter\CodeIgniter->run()
#4 {main}
CRITICAL - 2020-04-24 12:04:49 --> Class 'App\Controllers\App\Models\SensorData' not found
#0 /home/users/m/mik/domains/api.miksoft.pro/system/CodeIgniter.php(910): App\Controllers\Get->test()
#1 /home/users/m/mik/domains/api.miksoft.pro/system/CodeIgniter.php(398): CodeIgniter\CodeIgniter->runController(Object(App\Controllers\Get))
#2 /home/users/m/mik/domains/api.miksoft.pro/system/CodeIgniter.php(306): CodeIgniter\CodeIgniter->handleRequest(NULL, Object(Config\Cache), false)
#3 /home/users/m/mik/domains/api.miksoft.pro/index.php(45): CodeIgniter\CodeIgniter->run()
#4 {main}
CRITICAL - 2020-04-24 12:04:56 --> Class 'App\Controllers\App\Models\SensorData' not found
#0 /home/users/m/mik/domains/api.miksoft.pro/system/CodeIgniter.php(910): App\Controllers\Get->test()
#1 /home/users/m/mik/domains/api.miksoft.pro/system/CodeIgniter.php(398): CodeIgniter\CodeIgniter->runController(Object(App\Controllers\Get))
#2 /home/users/m/mik/domains/api.miksoft.pro/system/CodeIgniter.php(306): CodeIgniter\CodeIgniter->handleRequest(NULL, Object(Config\Cache), false)
#3 /home/users/m/mik/domains/api.miksoft.pro/index.php(45): CodeIgniter\CodeIgniter->run()
#4 {main}
CRITICAL - 2020-04-24 12:08:17 --> Call to a member function findAll() on null
#0 /home/users/m/mik/domains/api.miksoft.pro/system/CodeIgniter.php(910): App\Controllers\Get->test()
#1 /home/users/m/mik/domains/api.miksoft.pro/system/CodeIgniter.php(398): CodeIgniter\CodeIgniter->runController(Object(App\Controllers\Get))
#2 /home/users/m/mik/domains/api.miksoft.pro/system/CodeIgniter.php(306): CodeIgniter\CodeIgniter->handleRequest(NULL, Object(Config\Cache), false)
#3 /home/users/m/mik/domains/api.miksoft.pro/index.php(45): CodeIgniter\CodeIgniter->run()
#4 {main}
CRITICAL - 2020-04-24 12:12:14 --> Call to a member function table() on null
#0 /home/users/m/mik/domains/api.miksoft.pro/app/Controllers/Get.php(19): App\Models\SensorData->get_period()
#1 /home/users/m/mik/domains/api.miksoft.pro/system/CodeIgniter.php(910): App\Controllers\Get->test()
#2 /home/users/m/mik/domains/api.miksoft.pro/system/CodeIgniter.php(398): CodeIgniter\CodeIgniter->runController(Object(App\Controllers\Get))
#3 /home/users/m/mik/domains/api.miksoft.pro/system/CodeIgniter.php(306): CodeIgniter\CodeIgniter->handleRequest(NULL, Object(Config\Cache), false)
#4 /home/users/m/mik/domains/api.miksoft.pro/index.php(45): CodeIgniter\CodeIgniter->run()
#5 {main}
CRITICAL - 2020-04-24 12:14:42 --> Call to a member function table() on null
#0 /home/users/m/mik/domains/api.miksoft.pro/app/Controllers/Get.php(19): App\Models\SensorData->get_period()
#1 /home/users/m/mik/domains/api.miksoft.pro/system/CodeIgniter.php(910): App\Controllers\Get->test()
#2 /home/users/m/mik/domains/api.miksoft.pro/system/CodeIgniter.php(398): CodeIgniter\CodeIgniter->runController(Object(App\Controllers\Get))
#3 /home/users/m/mik/domains/api.miksoft.pro/system/CodeIgniter.php(306): CodeIgniter\CodeIgniter->handleRequest(NULL, Object(Config\Cache), false)
#4 /home/users/m/mik/domains/api.miksoft.pro/index.php(45): CodeIgniter\CodeIgniter->run()
#5 {main}
CRITICAL - 2020-04-24 12:15:21 --> Too few arguments to function App\Models\SensorData::__construct(), 0 passed in /home/users/m/mik/domains/api.miksoft.pro/system/Database/ModelFactory.php on line 84 and exactly 1 expected
#0 /home/users/m/mik/domains/api.miksoft.pro/system/Database/ModelFactory.php(84): App\Models\SensorData->__construct()
#1 /home/users/m/mik/domains/api.miksoft.pro/system/Database/ModelFactory.php(48): CodeIgniter\Database\ModelFactory::createClass('App\\Models\\Sens...', NULL)
#2 /home/users/m/mik/domains/api.miksoft.pro/system/Common.php(729): CodeIgniter\Database\ModelFactory::get('App\\Models\\Sens...', true, NULL)
#3 /home/users/m/mik/domains/api.miksoft.pro/app/Controllers/Get.php(16): model('App\\Models\\Sens...')
#4 /home/users/m/mik/domains/api.miksoft.pro/system/CodeIgniter.php(910): App\Controllers\Get->test()
#5 /home/users/m/mik/domains/api.miksoft.pro/system/CodeIgniter.php(398): CodeIgniter\CodeIgniter->runController(Object(App\Controllers\Get))
#6 /home/users/m/mik/domains/api.miksoft.pro/system/CodeIgniter.php(306): CodeIgniter\CodeIgniter->handleRequest(NULL, Object(Config\Cache), false)
#7 /home/users/m/mik/domains/api.miksoft.pro/index.php(45): CodeIgniter\CodeIgniter->run()
#8 {main}
CRITICAL - 2020-04-24 12:16:00 --> Too few arguments to function App\Models\SensorData::__construct(), 0 passed in /home/users/m/mik/domains/api.miksoft.pro/system/Database/ModelFactory.php on line 84 and exactly 1 expected
#0 /home/users/m/mik/domains/api.miksoft.pro/system/Database/ModelFactory.php(84): App\Models\SensorData->__construct()
#1 /home/users/m/mik/domains/api.miksoft.pro/system/Database/ModelFactory.php(48): CodeIgniter\Database\ModelFactory::createClass('App\\Models\\Sens...', NULL)
#2 /home/users/m/mik/domains/api.miksoft.pro/system/Common.php(729): CodeIgniter\Database\ModelFactory::get('App\\Models\\Sens...', true, NULL)
#3 /home/users/m/mik/domains/api.miksoft.pro/app/Controllers/Get.php(16): model('App\\Models\\Sens...')
#4 /home/users/m/mik/domains/api.miksoft.pro/system/CodeIgniter.php(910): App\Controllers\Get->test()
#5 /home/users/m/mik/domains/api.miksoft.pro/system/CodeIgniter.php(398): CodeIgniter\CodeIgniter->runController(Object(App\Controllers\Get))
#6 /home/users/m/mik/domains/api.miksoft.pro/system/CodeIgniter.php(306): CodeIgniter\CodeIgniter->handleRequest(NULL, Object(Config\Cache), false)
#7 /home/users/m/mik/domains/api.miksoft.pro/index.php(45): CodeIgniter\CodeIgniter->run()
#8 {main}
CRITICAL - 2020-04-24 12:17:18 --> Call to a member function table() on null
#0 /home/users/m/mik/domains/api.miksoft.pro/app/Controllers/Get.php(19): App\Models\SensorData->get_period()
#1 /home/users/m/mik/domains/api.miksoft.pro/system/CodeIgniter.php(910): App\Controllers\Get->test()
#2 /home/users/m/mik/domains/api.miksoft.pro/system/CodeIgniter.php(398): CodeIgniter\CodeIgniter->runController(Object(App\Controllers\Get))
#3 /home/users/m/mik/domains/api.miksoft.pro/system/CodeIgniter.php(306): CodeIgniter\CodeIgniter->handleRequest(NULL, Object(Config\Cache), false)
#4 /home/users/m/mik/domains/api.miksoft.pro/index.php(45): CodeIgniter\CodeIgniter->run()
#5 {main}
CRITICAL - 2020-04-24 12:20:27 --> Call to a member function table() on null
#0 /home/users/m/mik/domains/api.miksoft.pro/app/Controllers/Get.php(20): App\Models\SensorData->get_period()
#1 /home/users/m/mik/domains/api.miksoft.pro/system/CodeIgniter.php(910): App\Controllers\Get->test()
#2 /home/users/m/mik/domains/api.miksoft.pro/system/CodeIgniter.php(398): CodeIgniter\CodeIgniter->runController(Object(App\Controllers\Get))
#3 /home/users/m/mik/domains/api.miksoft.pro/system/CodeIgniter.php(306): CodeIgniter\CodeIgniter->handleRequest(NULL, Object(Config\Cache), false)
#4 /home/users/m/mik/domains/api.miksoft.pro/index.php(45): CodeIgniter\CodeIgniter->run()
#5 {main}
CRITICAL - 2020-04-24 12:20:28 --> Call to a member function table() on null
#0 /home/users/m/mik/domains/api.miksoft.pro/app/Controllers/Get.php(20): App\Models\SensorData->get_period()
#1 /home/users/m/mik/domains/api.miksoft.pro/system/CodeIgniter.php(910): App\Controllers\Get->test()
#2 /home/users/m/mik/domains/api.miksoft.pro/system/CodeIgniter.php(398): CodeIgniter\CodeIgniter->runController(Object(App\Controllers\Get))
#3 /home/users/m/mik/domains/api.miksoft.pro/system/CodeIgniter.php(306): CodeIgniter\CodeIgniter->handleRequest(NULL, Object(Config\Cache), false)
#4 /home/users/m/mik/domains/api.miksoft.pro/index.php(45): CodeIgniter\CodeIgniter->run()
#5 {main}
CRITICAL - 2020-04-24 12:23:39 --> Too few arguments to function App\Models\SensorData::__construct(), 0 passed in /home/users/m/mik/domains/api.miksoft.pro/system/Database/ModelFactory.php on line 84 and exactly 1 expected
#0 /home/users/m/mik/domains/api.miksoft.pro/system/Database/ModelFactory.php(84): App\Models\SensorData->__construct()
#1 /home/users/m/mik/domains/api.miksoft.pro/system/Database/ModelFactory.php(48): CodeIgniter\Database\ModelFactory::createClass('App\\Models\\Sens...', Object(CodeIgniter\Database\MySQLi\Connection))
#2 /home/users/m/mik/domains/api.miksoft.pro/system/Common.php(729): CodeIgniter\Database\ModelFactory::get('App\\Models\\Sens...', true, Object(CodeIgniter\Database\MySQLi\Connection))
#3 /home/users/m/mik/domains/api.miksoft.pro/app/Controllers/Get.php(17): model('App\\Models\\Sens...', true, Object(CodeIgniter\Database\MySQLi\Connection))
#4 /home/users/m/mik/domains/api.miksoft.pro/system/CodeIgniter.php(910): App\Controllers\Get->test()
#5 /home/users/m/mik/domains/api.miksoft.pro/system/CodeIgniter.php(398): CodeIgniter\CodeIgniter->runController(Object(App\Controllers\Get))
#6 /home/users/m/mik/domains/api.miksoft.pro/system/CodeIgniter.php(306): CodeIgniter\CodeIgniter->handleRequest(NULL, Object(Config\Cache), false)
#7 /home/users/m/mik/domains/api.miksoft.pro/index.php(45): CodeIgniter\CodeIgniter->run()
#8 {main}
CRITICAL - 2020-04-24 12:26:00 --> custom is not a valid database connection group.
#0 /home/users/m/mik/domains/api.miksoft.pro/system/Common.php(234): CodeIgniter\Database\Config::connect('custom', true)
#1 /home/users/m/mik/domains/api.miksoft.pro/app/Controllers/Get.php(16): db_connect('custom')
#2 /home/users/m/mik/domains/api.miksoft.pro/system/CodeIgniter.php(910): App\Controllers\Get->test()
#3 /home/users/m/mik/domains/api.miksoft.pro/system/CodeIgniter.php(398): CodeIgniter\CodeIgniter->runController(Object(App\Controllers\Get))
#4 /home/users/m/mik/domains/api.miksoft.pro/system/CodeIgniter.php(306): CodeIgniter\CodeIgniter->handleRequest(NULL, Object(Config\Cache), false)
#5 /home/users/m/mik/domains/api.miksoft.pro/index.php(45): CodeIgniter\CodeIgniter->run()
#6 {main}
CRITICAL - 2020-04-24 12:26:01 --> custom is not a valid database connection group.
#0 /home/users/m/mik/domains/api.miksoft.pro/system/Common.php(234): CodeIgniter\Database\Config::connect('custom', true)
#1 /home/users/m/mik/domains/api.miksoft.pro/app/Controllers/Get.php(16): db_connect('custom')
#2 /home/users/m/mik/domains/api.miksoft.pro/system/CodeIgniter.php(910): App\Controllers\Get->test()
#3 /home/users/m/mik/domains/api.miksoft.pro/system/CodeIgniter.php(398): CodeIgniter\CodeIgniter->runController(Object(App\Controllers\Get))
#4 /home/users/m/mik/domains/api.miksoft.pro/system/CodeIgniter.php(306): CodeIgniter\CodeIgniter->handleRequest(NULL, Object(Config\Cache), false)
#5 /home/users/m/mik/domains/api.miksoft.pro/index.php(45): CodeIgniter\CodeIgniter->run()
#6 {main}
CRITICAL - 2020-04-24 12:31:34 --> custom is not a valid database connection group.
#0 /home/users/m/mik/domains/api.miksoft.pro/system/Common.php(234): CodeIgniter\Database\Config::connect('custom', true)
#1 /home/users/m/mik/domains/api.miksoft.pro/app/Controllers/Get.php(16): db_connect('custom')
#2 /home/users/m/mik/domains/api.miksoft.pro/system/CodeIgniter.php(910): App\Controllers\Get->test()
#3 /home/users/m/mik/domains/api.miksoft.pro/system/CodeIgniter.php(398): CodeIgniter\CodeIgniter->runController(Object(App\Controllers\Get))
#4 /home/users/m/mik/domains/api.miksoft.pro/system/CodeIgniter.php(306): CodeIgniter\CodeIgniter->handleRequest(NULL, Object(Config\Cache), false)
#5 /home/users/m/mik/domains/api.miksoft.pro/index.php(45): CodeIgniter\CodeIgniter->run()
#6 {main}
CRITICAL - 2020-04-24 15:49:13 --> Division by zero
#0 /home/users/m/mik/domains/api.miksoft.pro/app/Controllers/Get.php(309): CodeIgniter\Debug\Exceptions->errorHandler(2, 'Division by zer...', '/home/users/m/m...', 309, Array)
#1 /home/users/m/mik/domains/api.miksoft.pro/app/Controllers/Get.php(20): App\Controllers\Get->_fetch_data()
#2 /home/users/m/mik/domains/api.miksoft.pro/system/CodeIgniter.php(910): App\Controllers\Get->general()
#3 /home/users/m/mik/domains/api.miksoft.pro/system/CodeIgniter.php(398): CodeIgniter\CodeIgniter->runController(Object(App\Controllers\Get))
#4 /home/users/m/mik/domains/api.miksoft.pro/system/CodeIgniter.php(306): CodeIgniter\CodeIgniter->handleRequest(NULL, Object(Config\Cache), false)
#5 /home/users/m/mik/domains/api.miksoft.pro/index.php(45): CodeIgniter\CodeIgniter->run()
#6 {main}
CRITICAL - 2020-04-24 22:20:14 --> Division by zero
#0 /home/users/m/mik/domains/api.miksoft.pro/app/Controllers/Get.php(309): CodeIgniter\Debug\Exceptions->errorHandler(2, 'Division by zer...', '/home/users/m/m...', 309, Array)
#1 /home/users/m/mik/domains/api.miksoft.pro/app/Controllers/Get.php(20): App\Controllers\Get->_fetch_data()
#2 /home/users/m/mik/domains/api.miksoft.pro/system/CodeIgniter.php(910): App\Controllers\Get->general()
#3 /home/users/m/mik/domains/api.miksoft.pro/system/CodeIgniter.php(398): CodeIgniter\CodeIgniter->runController(Object(App\Controllers\Get))
#4 /home/users/m/mik/domains/api.miksoft.pro/system/CodeIgniter.php(306): CodeIgniter\CodeIgniter->handleRequest(NULL, Object(Config\Cache), false)
#5 /home/users/m/mik/domains/api.miksoft.pro/index.php(45): CodeIgniter\CodeIgniter->run()
#6 {main}
