CRITICAL - 2020-04-21 11:50:06 --> Too few arguments to function App\Controllers\Get::_calc_dew_point(), 0 passed in /home/users/m/mik/domains/api.miksoft.pro/app/Controllers/Get.php on line 207 and exactly 2 expected
#0 /home/users/m/mik/domains/api.miksoft.pro/app/Controllers/Get.php(207): App\Controllers\Get->_calc_dew_point()
#1 /home/users/m/mik/domains/api.miksoft.pro/app/Controllers/Get.php(25): App\Controllers\Get->_fetch_data()
#2 /home/users/m/mik/domains/api.miksoft.pro/system/CodeIgniter.php(910): App\Controllers\Get->general()
#3 /home/users/m/mik/domains/api.miksoft.pro/system/CodeIgniter.php(398): CodeIgniter\CodeIgniter->runController(Object(App\Controllers\Get))
#4 /home/users/m/mik/domains/api.miksoft.pro/system/CodeIgniter.php(306): CodeIgniter\CodeIgniter->handleRequest(NULL, Object(Config\Cache), false)
#5 /home/users/m/mik/domains/api.miksoft.pro/index.php(45): CodeIgniter\CodeIgniter->run()
#6 {main}
CRITICAL - 2020-04-21 11:50:08 --> Too few arguments to function App\Controllers\Get::_calc_dew_point(), 0 passed in /home/users/m/mik/domains/api.miksoft.pro/app/Controllers/Get.php on line 207 and exactly 2 expected
#0 /home/users/m/mik/domains/api.miksoft.pro/app/Controllers/Get.php(207): App\Controllers\Get->_calc_dew_point()
#1 /home/users/m/mik/domains/api.miksoft.pro/app/Controllers/Get.php(25): App\Controllers\Get->_fetch_data()
#2 /home/users/m/mik/domains/api.miksoft.pro/system/CodeIgniter.php(910): App\Controllers\Get->general()
#3 /home/users/m/mik/domains/api.miksoft.pro/system/CodeIgniter.php(398): CodeIgniter\CodeIgniter->runController(Object(App\Controllers\Get))
#4 /home/users/m/mik/domains/api.miksoft.pro/system/CodeIgniter.php(306): CodeIgniter\CodeIgniter->handleRequest(NULL, Object(Config\Cache), false)
#5 /home/users/m/mik/domains/api.miksoft.pro/index.php(45): CodeIgniter\CodeIgniter->run()
#6 {main}
CRITICAL - 2020-04-21 11:56:20 --> Trying to get property 'item_raw_data' of non-object
#0 /home/users/m/mik/domains/api.miksoft.pro/app/Controllers/Get.php(136): CodeIgniter\Debug\Exceptions->errorHandler(8, 'Trying to get p...', '/home/users/m/m...', 136, Array)
#1 /home/users/m/mik/domains/api.miksoft.pro/app/Controllers/Get.php(209): App\Controllers\Get->_insert_additional_data('{"p":745.7,"t1"...')
#2 /home/users/m/mik/domains/api.miksoft.pro/app/Controllers/Get.php(25): App\Controllers\Get->_fetch_data()
#3 /home/users/m/mik/domains/api.miksoft.pro/system/CodeIgniter.php(910): App\Controllers\Get->general()
#4 /home/users/m/mik/domains/api.miksoft.pro/system/CodeIgniter.php(398): CodeIgniter\CodeIgniter->runController(Object(App\Controllers\Get))
#5 /home/users/m/mik/domains/api.miksoft.pro/system/CodeIgniter.php(306): CodeIgniter\CodeIgniter->handleRequest(NULL, Object(Config\Cache), false)
#6 /home/users/m/mik/domains/api.miksoft.pro/index.php(45): CodeIgniter\CodeIgniter->run()
#7 {main}
CRITICAL - 2020-04-21 11:56:23 --> Trying to get property 'item_raw_data' of non-object
#0 /home/users/m/mik/domains/api.miksoft.pro/app/Controllers/Get.php(136): CodeIgniter\Debug\Exceptions->errorHandler(8, 'Trying to get p...', '/home/users/m/m...', 136, Array)
#1 /home/users/m/mik/domains/api.miksoft.pro/app/Controllers/Get.php(209): App\Controllers\Get->_insert_additional_data('{"p":745.7,"t1"...')
#2 /home/users/m/mik/domains/api.miksoft.pro/app/Controllers/Get.php(25): App\Controllers\Get->_fetch_data()
#3 /home/users/m/mik/domains/api.miksoft.pro/system/CodeIgniter.php(910): App\Controllers\Get->general()
#4 /home/users/m/mik/domains/api.miksoft.pro/system/CodeIgniter.php(398): CodeIgniter\CodeIgniter->runController(Object(App\Controllers\Get))
#5 /home/users/m/mik/domains/api.miksoft.pro/system/CodeIgniter.php(306): CodeIgniter\CodeIgniter->handleRequest(NULL, Object(Config\Cache), false)
#6 /home/users/m/mik/domains/api.miksoft.pro/index.php(45): CodeIgniter\CodeIgniter->run()
#7 {main}
CRITICAL - 2020-04-21 11:56:44 --> Call to undefined function App\Controllers\debug()
#0 /home/users/m/mik/domains/api.miksoft.pro/app/Controllers/Get.php(211): App\Controllers\Get->_insert_additional_data('{"p":745.7,"t1"...')
#1 /home/users/m/mik/domains/api.miksoft.pro/app/Controllers/Get.php(25): App\Controllers\Get->_fetch_data()
#2 /home/users/m/mik/domains/api.miksoft.pro/system/CodeIgniter.php(910): App\Controllers\Get->general()
#3 /home/users/m/mik/domains/api.miksoft.pro/system/CodeIgniter.php(398): CodeIgniter\CodeIgniter->runController(Object(App\Controllers\Get))
#4 /home/users/m/mik/domains/api.miksoft.pro/system/CodeIgniter.php(306): CodeIgniter\CodeIgniter->handleRequest(NULL, Object(Config\Cache), false)
#5 /home/users/m/mik/domains/api.miksoft.pro/index.php(45): CodeIgniter\CodeIgniter->run()
#6 {main}
