CRITICAL - 2020-04-15 10:41:21 --> Trying to get property 'value' of non-object
#0 /home/users/m/mik/domains/api.miksoft.pro/app/Controllers/Get.php(100): CodeIgniter\Debug\Exceptions->errorHandler(8, 'Trying to get p...', '/home/users/m/m...', 100, Array)
#1 /home/users/m/mik/domains/api.miksoft.pro/app/Controllers/Get.php(78): App\Controllers\Get->_make_initial_graph(Object(stdClass), 1586929256)
#2 /home/users/m/mik/domains/api.miksoft.pro/app/Controllers/Get.php(47): App\Controllers\Get->_make_graph_data()
#3 /home/users/m/mik/domains/api.miksoft.pro/system/CodeIgniter.php(910): App\Controllers\Get->graphdata()
#4 /home/users/m/mik/domains/api.miksoft.pro/system/CodeIgniter.php(398): CodeIgniter\CodeIgniter->runController(Object(App\Controllers\Get))
#5 /home/users/m/mik/domains/api.miksoft.pro/system/CodeIgniter.php(306): CodeIgniter\CodeIgniter->handleRequest(NULL, Object(Config\Cache), false)
#6 /home/users/m/mik/domains/api.miksoft.pro/index.php(45): CodeIgniter\CodeIgniter->run()
#7 {main}
CRITICAL - 2020-04-15 11:05:45 --> Undefined index: p
#0 /home/users/m/mik/domains/api.miksoft.pro/app/Controllers/Get.php(83): CodeIgniter\Debug\Exceptions->errorHandler(8, 'Undefined index...', '/home/users/m/m...', 83, Array)
#1 /home/users/m/mik/domains/api.miksoft.pro/app/Controllers/Get.php(47): App\Controllers\Get->_make_graph_data()
#2 /home/users/m/mik/domains/api.miksoft.pro/system/CodeIgniter.php(910): App\Controllers\Get->graphdata()
#3 /home/users/m/mik/domains/api.miksoft.pro/system/CodeIgniter.php(398): CodeIgniter\CodeIgniter->runController(Object(App\Controllers\Get))
#4 /home/users/m/mik/domains/api.miksoft.pro/system/CodeIgniter.php(306): CodeIgniter\CodeIgniter->handleRequest(NULL, Object(Config\Cache), false)
#5 /home/users/m/mik/domains/api.miksoft.pro/index.php(45): CodeIgniter\CodeIgniter->run()
#6 {main}
CRITICAL - 2020-04-15 11:06:15 --> Undefined index: p
#0 /home/users/m/mik/domains/api.miksoft.pro/app/Controllers/Get.php(87): CodeIgniter\Debug\Exceptions->errorHandler(8, 'Undefined index...', '/home/users/m/m...', 87, Array)
#1 /home/users/m/mik/domains/api.miksoft.pro/app/Controllers/Get.php(47): App\Controllers\Get->_make_graph_data()
#2 /home/users/m/mik/domains/api.miksoft.pro/system/CodeIgniter.php(910): App\Controllers\Get->graphdata()
#3 /home/users/m/mik/domains/api.miksoft.pro/system/CodeIgniter.php(398): CodeIgniter\CodeIgniter->runController(Object(App\Controllers\Get))
#4 /home/users/m/mik/domains/api.miksoft.pro/system/CodeIgniter.php(306): CodeIgniter\CodeIgniter->handleRequest(NULL, Object(Config\Cache), false)
#5 /home/users/m/mik/domains/api.miksoft.pro/index.php(45): CodeIgniter\CodeIgniter->run()
#6 {main}
CRITICAL - 2020-04-15 11:06:24 --> Undefined index: p
#0 /home/users/m/mik/domains/api.miksoft.pro/app/Controllers/Get.php(87): CodeIgniter\Debug\Exceptions->errorHandler(8, 'Undefined index...', '/home/users/m/m...', 87, Array)
#1 /home/users/m/mik/domains/api.miksoft.pro/app/Controllers/Get.php(47): App\Controllers\Get->_make_graph_data()
#2 /home/users/m/mik/domains/api.miksoft.pro/system/CodeIgniter.php(910): App\Controllers\Get->graphdata()
#3 /home/users/m/mik/domains/api.miksoft.pro/system/CodeIgniter.php(398): CodeIgniter\CodeIgniter->runController(Object(App\Controllers\Get))
#4 /home/users/m/mik/domains/api.miksoft.pro/system/CodeIgniter.php(306): CodeIgniter\CodeIgniter->handleRequest(NULL, Object(Config\Cache), false)
#5 /home/users/m/mik/domains/api.miksoft.pro/index.php(45): CodeIgniter\CodeIgniter->run()
#6 {main}
CRITICAL - 2020-04-15 11:06:45 --> Undefined index: p
#0 /home/users/m/mik/domains/api.miksoft.pro/app/Controllers/Get.php(87): CodeIgniter\Debug\Exceptions->errorHandler(8, 'Undefined index...', '/home/users/m/m...', 87, Array)
#1 /home/users/m/mik/domains/api.miksoft.pro/app/Controllers/Get.php(47): App\Controllers\Get->_make_graph_data()
#2 /home/users/m/mik/domains/api.miksoft.pro/system/CodeIgniter.php(910): App\Controllers\Get->graphdata()
#3 /home/users/m/mik/domains/api.miksoft.pro/system/CodeIgniter.php(398): CodeIgniter\CodeIgniter->runController(Object(App\Controllers\Get))
#4 /home/users/m/mik/domains/api.miksoft.pro/system/CodeIgniter.php(306): CodeIgniter\CodeIgniter->handleRequest(NULL, Object(Config\Cache), false)
#5 /home/users/m/mik/domains/api.miksoft.pro/index.php(45): CodeIgniter\CodeIgniter->run()
#6 {main}
CRITICAL - 2020-04-15 11:06:50 --> Undefined index: timestamp
#0 /home/users/m/mik/domains/api.miksoft.pro/app/Controllers/Get.php(98): CodeIgniter\Debug\Exceptions->errorHandler(8, 'Undefined index...', '/home/users/m/m...', 98, Array)
#1 /home/users/m/mik/domains/api.miksoft.pro/app/Controllers/Get.php(47): App\Controllers\Get->_make_graph_data()
#2 /home/users/m/mik/domains/api.miksoft.pro/system/CodeIgniter.php(910): App\Controllers\Get->graphdata()
#3 /home/users/m/mik/domains/api.miksoft.pro/system/CodeIgniter.php(398): CodeIgniter\CodeIgniter->runController(Object(App\Controllers\Get))
#4 /home/users/m/mik/domains/api.miksoft.pro/system/CodeIgniter.php(306): CodeIgniter\CodeIgniter->handleRequest(NULL, Object(Config\Cache), false)
#5 /home/users/m/mik/domains/api.miksoft.pro/index.php(45): CodeIgniter\CodeIgniter->run()
#6 {main}
CRITICAL - 2020-04-15 12:10:18 --> MySQL server has gone away
#0 /home/users/m/mik/domains/api.miksoft.pro/system/Database/BaseConnection.php(377): CodeIgniter\Database\MySQLi\Connection->connect(false)
#1 /home/users/m/mik/domains/api.miksoft.pro/system/Database/BaseConnection.php(643): CodeIgniter\Database\BaseConnection->initialize()
#2 /home/users/m/mik/domains/api.miksoft.pro/system/Database/BaseBuilder.php(1819): CodeIgniter\Database\BaseConnection->query('SELECT *\nFROM `...', Array, false)
#3 /home/users/m/mik/domains/api.miksoft.pro/app/Controllers/Get.php(46): CodeIgniter\Database\BaseBuilder->get()
#4 /home/users/m/mik/domains/api.miksoft.pro/system/CodeIgniter.php(910): App\Controllers\Get->graphdata()
#5 /home/users/m/mik/domains/api.miksoft.pro/system/CodeIgniter.php(398): CodeIgniter\CodeIgniter->runController(Object(App\Controllers\Get))
#6 /home/users/m/mik/domains/api.miksoft.pro/system/CodeIgniter.php(306): CodeIgniter\CodeIgniter->handleRequest(NULL, Object(Config\Cache), false)
#7 /home/users/m/mik/domains/api.miksoft.pro/index.php(45): CodeIgniter\CodeIgniter->run()
#8 {main}
CRITICAL - 2020-04-15 12:24:25 --> MySQL server has gone away
#0 /home/users/m/mik/domains/api.miksoft.pro/system/Database/BaseConnection.php(377): CodeIgniter\Database\MySQLi\Connection->connect(false)
#1 /home/users/m/mik/domains/api.miksoft.pro/system/Database/BaseConnection.php(643): CodeIgniter\Database\BaseConnection->initialize()
#2 /home/users/m/mik/domains/api.miksoft.pro/system/Database/BaseBuilder.php(1819): CodeIgniter\Database\BaseConnection->query('SELECT *\nFROM `...', Array, false)
#3 /home/users/m/mik/domains/api.miksoft.pro/app/Controllers/Get.php(46): CodeIgniter\Database\BaseBuilder->get()
#4 /home/users/m/mik/domains/api.miksoft.pro/system/CodeIgniter.php(910): App\Controllers\Get->graphdata()
#5 /home/users/m/mik/domains/api.miksoft.pro/system/CodeIgniter.php(398): CodeIgniter\CodeIgniter->runController(Object(App\Controllers\Get))
#6 /home/users/m/mik/domains/api.miksoft.pro/system/CodeIgniter.php(306): CodeIgniter\CodeIgniter->handleRequest(NULL, Object(Config\Cache), false)
#7 /home/users/m/mik/domains/api.miksoft.pro/index.php(45): CodeIgniter\CodeIgniter->run()
#8 {main}
CRITICAL - 2020-04-15 12:35:40 --> MySQL server has gone away
#0 /home/users/m/mik/domains/api.miksoft.pro/system/Database/BaseConnection.php(377): CodeIgniter\Database\MySQLi\Connection->connect(false)
#1 /home/users/m/mik/domains/api.miksoft.pro/system/Database/BaseConnection.php(643): CodeIgniter\Database\BaseConnection->initialize()
#2 /home/users/m/mik/domains/api.miksoft.pro/system/Database/BaseBuilder.php(1819): CodeIgniter\Database\BaseConnection->query('SELECT *\nFROM `...', Array, false)
#3 /home/users/m/mik/domains/api.miksoft.pro/app/Controllers/Get.php(46): CodeIgniter\Database\BaseBuilder->get()
#4 /home/users/m/mik/domains/api.miksoft.pro/system/CodeIgniter.php(910): App\Controllers\Get->graphdata()
#5 /home/users/m/mik/domains/api.miksoft.pro/system/CodeIgniter.php(398): CodeIgniter\CodeIgniter->runController(Object(App\Controllers\Get))
#6 /home/users/m/mik/domains/api.miksoft.pro/system/CodeIgniter.php(306): CodeIgniter\CodeIgniter->handleRequest(NULL, Object(Config\Cache), false)
#7 /home/users/m/mik/domains/api.miksoft.pro/index.php(45): CodeIgniter\CodeIgniter->run()
#8 {main}
CRITICAL - 2020-04-15 12:41:59 --> MySQL server has gone away
#0 /home/users/m/mik/domains/api.miksoft.pro/system/Database/BaseConnection.php(377): CodeIgniter\Database\MySQLi\Connection->connect(false)
#1 /home/users/m/mik/domains/api.miksoft.pro/system/Database/BaseConnection.php(643): CodeIgniter\Database\BaseConnection->initialize()
#2 /home/users/m/mik/domains/api.miksoft.pro/system/Database/BaseBuilder.php(1819): CodeIgniter\Database\BaseConnection->query('SELECT *\nFROM `...', Array, false)
#3 /home/users/m/mik/domains/api.miksoft.pro/app/Controllers/Get.php(46): CodeIgniter\Database\BaseBuilder->get()
#4 /home/users/m/mik/domains/api.miksoft.pro/system/CodeIgniter.php(910): App\Controllers\Get->graphdata()
#5 /home/users/m/mik/domains/api.miksoft.pro/system/CodeIgniter.php(398): CodeIgniter\CodeIgniter->runController(Object(App\Controllers\Get))
#6 /home/users/m/mik/domains/api.miksoft.pro/system/CodeIgniter.php(306): CodeIgniter\CodeIgniter->handleRequest(NULL, Object(Config\Cache), false)
#7 /home/users/m/mik/domains/api.miksoft.pro/index.php(45): CodeIgniter\CodeIgniter->run()
#8 {main}
